<?xml version="1.0" encoding="UTF-8"?>
<testng-results ignored="0" total="0" passed="0" failed="0" skipped="0">
  <reporter-output>
  </reporter-output>
  <suite started-at="2024-12-12T15:22:18 EST" name="Surefire suite" finished-at="2024-12-12T15:22:29 EST" duration-ms="11191">
    <groups>
    </groups>
    <test started-at="2024-12-12T15:22:18 EST" name="Surefire test" finished-at="2024-12-12T15:22:29 EST" duration-ms="11191">
    </test> <!-- Surefire test -->
  </suite> <!-- Surefire suite -->
</testng-results>
